<?xml version="1.0" encoding="UTF-8"?>
<!-- Generated by org.testng.reporters.JUnitReportReporter -->
<testsuite hostname="lee-PC" name="Tests.ATT_DevicesPageTest" tests="8" failures="0" timestamp="14 Jan 2016 23:51:07 GMT" time="12.322" errors="0">
  <testcase name="testATT_DevicesPage_Tab1_checkonly" time="2.791" classname="Tests.ATT_DevicesPageTest"/>
  <testcase name="testATT_DevicesPage_Tab2_checkonly" time="0.635" classname="Tests.ATT_DevicesPageTest"/>
  <testcase name="testATT_DevicesPage_Tab3_selectcheck" time="1.396" classname="Tests.ATT_DevicesPageTest"/>
  <testcase name="testATT_DevicesPage_Tab2_selectcheck" time="1.324" classname="Tests.ATT_DevicesPageTest"/>
  <testcase name="testATT_DevicesPage_Tab4_checkonly" time="0.478" classname="Tests.ATT_DevicesPageTest"/>
  <testcase name="testATT_DevicesPage_Tab3_checkonly" time="0.341" classname="Tests.ATT_DevicesPageTest"/>
  <testcase name="testATT_DevicesPage_Tab1_selectcheck" time="3.802" classname="Tests.ATT_DevicesPageTest"/>
  <testcase name="testATT_DevicesPage_Tab4_selectcheck" time="1.555" classname="Tests.ATT_DevicesPageTest"/>
</testsuite> <!-- Tests.ATT_DevicesPageTest -->
