<?xml version="1.0" encoding="UTF-8"?>
<!-- Generated by org.testng.reporters.JUnitReportReporter -->
<testsuite hostname="lee-PC" name="Tests.ATT_HomePageTest" tests="2" failures="0" timestamp="14 Jan 2016 23:51:07 GMT" time="1.144" errors="0">
  <testcase name="testATTHambugerMenu" time="1.033" classname="Tests.ATT_HomePageTest"/>
  <testcase name="testATTHomePageHeadline" time="0.111" classname="Tests.ATT_HomePageTest"/>
</testsuite> <!-- Tests.ATT_HomePageTest -->
