<?xml version="1.0" encoding="UTF-8"?>
<!-- Generated by org.testng.reporters.JUnitReportReporter -->
<testsuite hostname="lee-PC" name="Tests.ATT_HamburgerMenuPageTest" tests="11" failures="0" timestamp="14 Dec 2015 15:24:40 GMT" time="9.264" errors="0">
  <testcase name="testATTHambuger_menuSystemsettings" time="0.995" classname="Tests.ATT_HamburgerMenuPageTest"/>
  <testcase name="testATTHambuger_menuMyaccount" time="0.289" classname="Tests.ATT_HamburgerMenuPageTest"/>
  <testcase name="testATTHambuger_menuDevices" time="1.350" classname="Tests.ATT_HamburgerMenuPageTest"/>
  <testcase name="testATTHambuger_menuDigitalLifeTour" time="0.369" classname="Tests.ATT_HamburgerMenuPageTest"/>
  <testcase name="testATTHambuger_menuREPORTEMERGENCY" time="1.606" classname="Tests.ATT_HamburgerMenuPageTest"/>
  <testcase name="testATTHambuger_menuSolutioncenter" time="1.168" classname="Tests.ATT_HamburgerMenuPageTest"/>
  <testcase name="testATTHambuger_menuHome" time="0.297" classname="Tests.ATT_HamburgerMenuPageTest"/>
  <testcase name="testATTHambuger_menuPrograms" time="0.885" classname="Tests.ATT_HamburgerMenuPageTest"/>
  <testcase name="testATTHambuger_menuLegal" time="0.189" classname="Tests.ATT_HamburgerMenuPageTest"/>
  <testcase name="testATTHambuger_menuOtherservicesdevices" time="1.001" classname="Tests.ATT_HamburgerMenuPageTest"/>
  <testcase name="testATTHambuger_menuSignout" time="1.115" classname="Tests.ATT_HamburgerMenuPageTest"/>
</testsuite> <!-- Tests.ATT_HamburgerMenuPageTest -->
