<?xml version="1.0" encoding="UTF-8"?>
<!-- Generated by org.testng.reporters.JUnitReportReporter -->
<testsuite hostname="lee-PC" name="Tests.ATT_HamburgerMenuPageTest" tests="11" failures="0" timestamp="14 Dec 2015 20:14:21 GMT" time="3.697" errors="0">
  <testcase name="testATTHambuger_menuSystemsettings" time="0.369" classname="Tests.ATT_HamburgerMenuPageTest"/>
  <testcase name="testATTHambuger_menuMyaccount" time="0.276" classname="Tests.ATT_HamburgerMenuPageTest"/>
  <testcase name="testATTHambuger_menuDevices" time="1.169" classname="Tests.ATT_HamburgerMenuPageTest"/>
  <testcase name="testATTHambuger_menuDigitalLifeTour" time="0.327" classname="Tests.ATT_HamburgerMenuPageTest"/>
  <testcase name="testATTHambuger_menuREPORTEMERGENCY" time="0.160" classname="Tests.ATT_HamburgerMenuPageTest"/>
  <testcase name="testATTHambuger_menuSolutioncenter" time="0.267" classname="Tests.ATT_HamburgerMenuPageTest"/>
  <testcase name="testATTHambuger_menuHome" time="0.332" classname="Tests.ATT_HamburgerMenuPageTest"/>
  <testcase name="testATTHambuger_menuPrograms" time="0.258" classname="Tests.ATT_HamburgerMenuPageTest"/>
  <testcase name="testATTHambuger_menuLegal" time="0.164" classname="Tests.ATT_HamburgerMenuPageTest"/>
  <testcase name="testATTHambuger_menuOtherservicesdevices" time="0.189" classname="Tests.ATT_HamburgerMenuPageTest"/>
  <testcase name="testATTHambuger_menuSignout" time="0.186" classname="Tests.ATT_HamburgerMenuPageTest"/>
</testsuite> <!-- Tests.ATT_HamburgerMenuPageTest -->
