<?xml version="1.0" encoding="UTF-8"?>
<!-- Generated by org.testng.reporters.JUnitReportReporter -->
<testsuite hostname="lee-PC" name="Tests.NestedViewsTest" tests="2" failures="0" timestamp="9 Dec 2015 16:21:48 GMT" time="23.525" errors="0">
  <testcase name="testBackButton" time="17.582" classname="Tests.NestedViewsTest"/>
  <testcase name="testUpButton" time="5.943" classname="Tests.NestedViewsTest"/>
</testsuite> <!-- Tests.NestedViewsTest -->
