<?xml version="1.0" encoding="UTF-8"?>
<!-- Generated by org.testng.reporters.JUnitReportReporter -->
<testsuite hostname="lee-PC" name="Tests.ATT_SystemSettingsPageTest" tests="6" failures="0" timestamp="14 Jan 2016 23:51:07 GMT" time="18.721" errors="0">
  <testcase name="ATT_SystemSettingsPage_Tab2_checkonly" time="0.642" classname="Tests.ATT_SystemSettingsPageTest"/>
  <testcase name="ATT_SystemSettingsPage_Tab3_checkonly" time="0.635" classname="Tests.ATT_SystemSettingsPageTest"/>
  <testcase name="ATT_SystemSettingsPage_Tab1_checkonly" time="10.416" classname="Tests.ATT_SystemSettingsPageTest"/>
  <testcase name="testATT_SystemSettingsPage_Tab2_selectcheck" time="1.852" classname="Tests.ATT_SystemSettingsPageTest"/>
  <testcase name="testATT_DevicesPage_Tab1_selectcheck" time="4.005" classname="Tests.ATT_SystemSettingsPageTest"/>
  <testcase name="testATT_SystemSettingsPage_Tab3_selectcheck" time="1.171" classname="Tests.ATT_SystemSettingsPageTest"/>
</testsuite> <!-- Tests.ATT_SystemSettingsPageTest -->
