<?xml version="1.0" encoding="UTF-8"?>
<!-- Generated by org.testng.reporters.JUnitReportReporter -->
<testsuite hostname="lee-PC" name="Tests.ATT_LoginTest" tests="1" failures="0" timestamp="15 Jan 2016 00:20:26 GMT" time="20.727" errors="0">
  <testcase name="loginSuccessFully" time="20.727" classname="Tests.ATT_LoginTest"/>
</testsuite> <!-- Tests.ATT_LoginTest -->
