<?xml version="1.0" encoding="UTF-8"?>
<!-- Generated by org.testng.reporters.JUnitReportReporter -->
<testsuite hostname="lee-PC" name="Tests.Native.ScrollViewTest" tests="1" failures="0" timestamp="9 Dec 2015 16:21:48 GMT" time="6.262" errors="0">
  <testcase name="testScroll" time="6.262" classname="Tests.Native.ScrollViewTest"/>
</testsuite> <!-- Tests.Native.ScrollViewTest -->
