<?xml version="1.0" encoding="UTF-8"?>
<!-- Generated by org.testng.reporters.JUnitReportReporter -->
<testsuite hostname="lee-PC" name="Tests.Inputs.ToggleButtonTest" tests="1" failures="0" timestamp="9 Dec 2015 16:21:48 GMT" time="1.551" errors="0">
  <testcase name="turnViewOn" time="1.551" classname="Tests.Inputs.ToggleButtonTest"/>
</testsuite> <!-- Tests.Inputs.ToggleButtonTest -->
