<?xml version="1.0" encoding="UTF-8"?>
<!-- Generated by org.testng.reporters.JUnitReportReporter -->
<testsuite hostname="lee-PC" name="Tests.ATT_HomePageTest" tests="2" failures="0" timestamp="14 Dec 2015 20:14:21 GMT" time="1.188" errors="0">
  <testcase name="testATTHomePageHeadline" time="0.146" classname="Tests.ATT_HomePageTest"/>
  <testcase name="testATTHambugerMenu" time="1.042" classname="Tests.ATT_HomePageTest"/>
</testsuite> <!-- Tests.ATT_HomePageTest -->
