<?xml version="1.0" encoding="UTF-8"?>
<!-- Generated by org.testng.reporters.JUnitReportReporter -->
<testsuite hostname="lee-PC" name="Tests.Inputs.SpinnerTest" tests="1" failures="0" timestamp="9 Dec 2015 16:21:48 GMT" time="3.183" errors="0">
  <testcase name="checkIndex" time="3.183" classname="Tests.Inputs.SpinnerTest"/>
</testsuite> <!-- Tests.Inputs.SpinnerTest -->
