<?xml version="1.0" encoding="UTF-8"?>
<!-- Generated by org.testng.reporters.JUnitReportReporter -->
<testsuite hostname="lee-PC" name="Tests.Native.CameraTest" tests="1" failures="0" timestamp="9 Dec 2015 16:21:48 GMT" time="0.273" errors="0">
  <testcase name="testCameraStatus" time="0.273" classname="Tests.Native.CameraTest"/>
</testsuite> <!-- Tests.Native.CameraTest -->
