<?xml version="1.0" encoding="UTF-8"?>
<!-- Generated by org.testng.reporters.JUnitReportReporter -->
<testsuite hostname="lee-PC" name="Tests.Inputs.RadioButtonTest" tests="3" failures="0" timestamp="9 Dec 2015 16:21:48 GMT" time="6.761" errors="0">
  <testcase name="testFirstRadio" time="4.176" classname="Tests.Inputs.RadioButtonTest"/>
  <testcase name="testSecondRadio" time="1.522" classname="Tests.Inputs.RadioButtonTest"/>
  <testcase name="testThirdRadio" time="1.063" classname="Tests.Inputs.RadioButtonTest"/>
</testsuite> <!-- Tests.Inputs.RadioButtonTest -->
