<?xml version="1.0" encoding="UTF-8"?>
<!-- Generated by org.testng.reporters.JUnitReportReporter -->
<testsuite hostname="lee-PC" name="Tests.ATT_HomePageTest" tests="2" failures="0" timestamp="14 Dec 2015 13:44:16 GMT" time="0.644" errors="0">
  <testcase name="testATTHambugerMenu" time="0.208" classname="Tests.ATT_HomePageTest"/>
  <testcase name="testATTHomePageHeadline" time="0.436" classname="Tests.ATT_HomePageTest"/>
</testsuite> <!-- Tests.ATT_HomePageTest -->
