<?xml version="1.0" encoding="UTF-8"?>
<!-- Generated by org.testng.reporters.JUnitReportReporter -->
<testsuite hostname="lee-PC" name="Tests.ATT_HomePageTest" tests="2" failures="0" timestamp="12 Dec 2015 06:48:42 GMT" time="0.268" errors="0">
  <testcase name="testATTHomePageHeadline" time="0.255" classname="Tests.ATT_HomePageTest"/>
  <testcase name="testATTHambugerMenu" time="0.013" classname="Tests.ATT_HomePageTest"/>
</testsuite> <!-- Tests.ATT_HomePageTest -->
