<?xml version="1.0" encoding="UTF-8"?>
<!-- Generated by org.testng.reporters.JUnitReportReporter -->
<testsuite hostname="lee-PC" name="Tests.Inputs.EditText" tests="1" failures="0" timestamp="9 Dec 2015 16:21:48 GMT" time="6.678" errors="0">
  <testcase name="testTextBox" time="6.678" classname="Tests.Inputs.EditText"/>
</testsuite> <!-- Tests.Inputs.EditText -->
