<?xml version="1.0" encoding="UTF-8"?>
<!-- Generated by org.testng.reporters.JUnitReportReporter -->
<testsuite hostname="lee-PC" name="Tests.ATT_LoginTest" tests="2" failures="0" timestamp="14 Jan 2016 23:51:07 GMT" time="47.730" errors="0">
  <testcase name="loginFail" time="28.277" classname="Tests.ATT_LoginTest"/>
  <testcase name="loginSuccessFully" time="19.453" classname="Tests.ATT_LoginTest"/>
</testsuite> <!-- Tests.ATT_LoginTest -->
