<?xml version="1.0" encoding="UTF-8"?>
<!-- Generated by org.testng.reporters.JUnitReportReporter -->
<testsuite hostname="lee-PC" name="Tests.Native.ImageGalleryTest" tests="1" failures="0" timestamp="9 Dec 2015 16:21:48 GMT" time="0.233" errors="0">
  <testcase name="checkIfImageGalleryDisplayed" time="0.233" classname="Tests.Native.ImageGalleryTest"/>
</testsuite> <!-- Tests.Native.ImageGalleryTest -->
