<?xml version="1.0" encoding="UTF-8"?>
<!-- Generated by org.testng.reporters.JUnitReportReporter -->
<testsuite hostname="lee-PC" name="Tests.Inputs.PullToRefreshTest" tests="1" failures="0" timestamp="9 Dec 2015 16:21:48 GMT" time="4.174" errors="0">
  <testcase name="testPullToRefresh" time="4.174" classname="Tests.Inputs.PullToRefreshTest"/>
</testsuite> <!-- Tests.Inputs.PullToRefreshTest -->
