<?xml version="1.0" encoding="UTF-8"?>
<!-- Generated by org.testng.reporters.JUnitReportReporter -->
<testsuite hostname="lee-PC" name="Tests.Inputs.GesturesTest" tests="3" failures="0" timestamp="9 Dec 2015 16:21:48 GMT" time="5.332" errors="0">
  <testcase name="testFling" time="1.803" classname="Tests.Inputs.GesturesTest"/>
  <testcase name="testSinglePress" time="1.312" classname="Tests.Inputs.GesturesTest"/>
  <testcase name="testLongPress" time="2.217" classname="Tests.Inputs.GesturesTest"/>
</testsuite> <!-- Tests.Inputs.GesturesTest -->
