<?xml version="1.0" encoding="UTF-8"?>
<!-- Generated by org.testng.reporters.JUnitReportReporter -->
<testsuite hostname="lee-PC" name="Tests.ATT_HamburgerMenuPageTest" tests="11" failures="0" timestamp="14 Jan 2016 23:51:07 GMT" time="3.941" errors="0">
  <testcase name="testATTHambuger_menuSystemsettings" time="0.205" classname="Tests.ATT_HamburgerMenuPageTest"/>
  <testcase name="testATTHambuger_menuMyaccount" time="0.158" classname="Tests.ATT_HamburgerMenuPageTest"/>
  <testcase name="testATTHambuger_menuSignout" time="0.540" classname="Tests.ATT_HamburgerMenuPageTest"/>
  <testcase name="testATTHambuger_menuHome" time="0.155" classname="Tests.ATT_HamburgerMenuPageTest"/>
  <testcase name="testATTHambuger_menuPrograms" time="0.151" classname="Tests.ATT_HamburgerMenuPageTest"/>
  <testcase name="testATTHambuger_menuDigitalLifeTour" time="0.165" classname="Tests.ATT_HamburgerMenuPageTest"/>
  <testcase name="testATTHambuger_menuREPORTEMERGENCY" time="0.514" classname="Tests.ATT_HamburgerMenuPageTest"/>
  <testcase name="testATTHambuger_menuSolutioncenter" time="0.486" classname="Tests.ATT_HamburgerMenuPageTest"/>
  <testcase name="testATTHambuger_menuLegal" time="0.236" classname="Tests.ATT_HamburgerMenuPageTest"/>
  <testcase name="testATTHambuger_menuOtherservicesdevices" time="0.214" classname="Tests.ATT_HamburgerMenuPageTest"/>
  <testcase name="testATTHambuger_menuDevices" time="1.117" classname="Tests.ATT_HamburgerMenuPageTest"/>
</testsuite> <!-- Tests.ATT_HamburgerMenuPageTest -->
