<?xml version="1.0" encoding="UTF-8"?>
<!-- Generated by org.testng.reporters.JUnitReportReporter -->
<testsuite hostname="lee-PC" name="Tests.ATT_HamburgerMenuPageTest" tests="11" failures="0" timestamp="14 Dec 2015 18:56:49 GMT" time="4.100" errors="0">
  <testcase name="testATTHambuger_menuSystemsettings" time="0.536" classname="Tests.ATT_HamburgerMenuPageTest"/>
  <testcase name="testATTHambuger_menuMyaccount" time="0.295" classname="Tests.ATT_HamburgerMenuPageTest"/>
  <testcase name="testATTHambuger_menuDevices" time="1.216" classname="Tests.ATT_HamburgerMenuPageTest"/>
  <testcase name="testATTHambuger_menuDigitalLifeTour" time="0.249" classname="Tests.ATT_HamburgerMenuPageTest"/>
  <testcase name="testATTHambuger_menuREPORTEMERGENCY" time="0.264" classname="Tests.ATT_HamburgerMenuPageTest"/>
  <testcase name="testATTHambuger_menuSolutioncenter" time="0.566" classname="Tests.ATT_HamburgerMenuPageTest"/>
  <testcase name="testATTHambuger_menuHome" time="0.155" classname="Tests.ATT_HamburgerMenuPageTest"/>
  <testcase name="testATTHambuger_menuPrograms" time="0.156" classname="Tests.ATT_HamburgerMenuPageTest"/>
  <testcase name="testATTHambuger_menuLegal" time="0.290" classname="Tests.ATT_HamburgerMenuPageTest"/>
  <testcase name="testATTHambuger_menuOtherservicesdevices" time="0.153" classname="Tests.ATT_HamburgerMenuPageTest"/>
  <testcase name="testATTHambuger_menuSignout" time="0.220" classname="Tests.ATT_HamburgerMenuPageTest"/>
</testsuite> <!-- Tests.ATT_HamburgerMenuPageTest -->
