<?xml version="1.0" encoding="UTF-8"?>
<!-- Generated by org.testng.reporters.JUnitReportReporter -->
<testsuite hostname="lee-PC" name="Tests.Inputs.CheckboxTest" tests="1" failures="0" timestamp="9 Dec 2015 16:21:48 GMT" time="1.221" errors="0">
  <testcase name="testCheckBox" time="1.221" classname="Tests.Inputs.CheckboxTest"/>
</testsuite> <!-- Tests.Inputs.CheckboxTest -->
