<?xml version="1.0" encoding="UTF-8"?>
<!-- Generated by org.testng.reporters.JUnitReportReporter -->
<testsuite hostname="lee-PC" name="Tests.LoginTest" tests="2" failures="0" timestamp="9 Dec 2015 16:21:48 GMT" time="29.658" errors="0">
  <testcase name="loginFail" time="15.058" classname="Tests.LoginTest"/>
  <testcase name="loginSuccessFully" time="14.600" classname="Tests.LoginTest"/>
</testsuite> <!-- Tests.LoginTest -->
