<?xml version="1.0" encoding="UTF-8"?>
<!-- Generated by org.testng.reporters.JUnitReportReporter -->
<testsuite hostname="lee-PC" name="Tests.Native.OutOfViewTest" tests="1" failures="0" timestamp="9 Dec 2015 16:21:48 GMT" time="3.357" errors="0">
  <testcase name="scrollOutOfView" time="3.357" classname="Tests.Native.OutOfViewTest"/>
</testsuite> <!-- Tests.Native.OutOfViewTest -->
