<?xml version="1.0" encoding="UTF-8"?>
<!-- Generated by org.testng.reporters.JUnitReportReporter -->
<testsuite hostname="lee-PC" name="Tests.AlertPageTest" tests="1" failures="0" timestamp="9 Dec 2015 16:21:48 GMT" time="5.051" errors="0">
  <testcase name="testAlertMessage" time="5.051" classname="Tests.AlertPageTest"/>
</testsuite> <!-- Tests.AlertPageTest -->
